z[][2026-01-13 11:45:40 UTC] Webhook hit | {"method":"POST","ip":"202.141.243.165","ua":"got (https://github.com/sindresorhus/got)","query":{"gtr_payfast":"webhook"},"post":{"err_code":"000","err_msg":"Processed Succesfully","rdv_message_key":"N/A","order_date":"2026-01-13","basket_id":"REG-118-1768304710","transaction_id":"13145f96-ab6c-b340-d535-def242d6de08","responseKey":"D7D56C1232DC25EBA2951CE9F48B52B3","Response_Key":"D7D56C1232DC25EBA2951CE9F48B52B3","validation_hash":"31c7752fa3318fac4c3cfa827902388631ed33c01222a6c9d53c6522bc27ab23","merchant_amount":"36750.00","issuer_name":"Demo Bank","discounted_amount":"0","transaction_currency":"PKR","amount":"36750","PaymentName":"Account","transaction_amount":"36750","bill_number":"N/A","customer_id":"","additional_value":"null","recurring_txn":"false","email_address":"sagarabbasi5698@gmail.com","mobile_no":"03181222652","masked_pan":"9999XXX9999","is_international":"false","authorization_code":"null","non_tran_partner_ref_no":"null"}}
[2026-01-13 11:45:40 UTC] Validation passed | {"basket_id":"REG-118-1768304710","err_code":"000","txn_id":"13145f96-ab6c-b340-d535-def242d6de08"}
[2026-01-13 11:45:40 UTC] Payment SUCCESS + Registration finalized | {"user_id":118,"basket_id":"REG-118-1768304710","txn_id":"13145f96-ab6c-b340-d535-def242d6de08","user_email":"sagarabbasi5698@gmail.com","user_mail_ok":true,"admin_mail_ok":true}
[2026-01-13 11:57:49 UTC] Webhook hit | {"method":"POST","ip":"202.141.243.165","ua":"got (https://github.com/sindresorhus/got)","query":{"gtr_payfast":"webhook"},"post":{"err_code":"000","err_msg":"Processed Succesfully","rdv_message_key":"N/A","order_date":"2026-01-13","basket_id":"REG-119-1768305434","transaction_id":"a6954eb4-45ce-e3ae-ce47-2051214a37d4","responseKey":"E17A5CDEECC1675C56DC79FD58885DCA","Response_Key":"E17A5CDEECC1675C56DC79FD58885DCA","validation_hash":"9b8af7f81af26350f711399db7cdf4df17363c82a24885bef10c97b26d7dba42","merchant_amount":"36750.00","issuer_name":"Demo Bank","discounted_amount":"0","transaction_currency":"PKR","amount":"36750","PaymentName":"Account","transaction_amount":"36750","bill_number":"N/A","customer_id":"","additional_value":"null","recurring_txn":"false","email_address":"faisalkhanleo@hotmail.com","mobile_no":"03181222652","masked_pan":"9999XXX9999","is_international":"false","authorization_code":"null","non_tran_partner_ref_no":"null"}}
[2026-01-13 11:57:49 UTC] Validation passed | {"basket_id":"REG-119-1768305434","err_code":"000","txn_id":"a6954eb4-45ce-e3ae-ce47-2051214a37d4"}
[2026-01-13 11:57:50 UTC] Payment SUCCESS + Registration finalized | {"user_id":119,"basket_id":"REG-119-1768305434","txn_id":"a6954eb4-45ce-e3ae-ce47-2051214a37d4","user_email":"faisalkhanleo@hotmail.com","user_mail_ok":true,"admin_mail_ok":true}
[2026-01-13 12:12:41 UTC] Webhook hit | {"method":"POST","ip":"202.141.243.165","ua":"got (https://github.com/sindresorhus/got)","query":{"gtr_payfast":"webhook"},"post":{"err_code":"000","err_msg":"Processed Succesfully","rdv_message_key":"N/A","order_date":"2026-01-13","basket_id":"REG-120-1768306330","transaction_id":"42889f2b-ff9b-9a22-5ca9-c607932e72d3","responseKey":"D7E0F4B41F6DF5681DFFC337E8BA37B6","Response_Key":"D7E0F4B41F6DF5681DFFC337E8BA37B6","validation_hash":"a30abb44e4a1aee109f176610d457d647e2f3bf553859535d56875a85fad2b31","merchant_amount":"36750.00","issuer_name":"Demo Bank","discounted_amount":"0","transaction_currency":"PKR","amount":"36750","PaymentName":"Account","transaction_amount":"36750","bill_number":"N/A","customer_id":"","additional_value":"null","recurring_txn":"false","email_address":"sagarabbasi80@gmail.com","mobile_no":"03181222652","masked_pan":"9999XXX9999","is_international":"false","authorization_code":"null","non_tran_partner_ref_no":"null"}}
[2026-01-13 12:12:41 UTC] Validation passed | {"basket_id":"REG-120-1768306330","err_code":"000","txn_id":"42889f2b-ff9b-9a22-5ca9-c607932e72d3"}
[2026-01-13 12:12:41 UTC] Sending user email | {"to":"sagarabbasi80@gmail.com","subject":"Thank you for your registration!","headers":["From: Gym Team <no-reply@repspakistan.com>","Reply-To: sagarabbasi7786@gmail.com","Content-Type: text/plain; charset=UTF-8"]}
[2026-01-13 12:12:42 UTC] user_mail_result | {"to":"sagarabbasi80@gmail.com","ok":true}
[2026-01-13 12:12:42 UTC] Sending admin email | {"to":"sagarabbasi7786@gmail.com","subject":"New Trainer Registration Pending Approval","headers":["From: Gym Team <no-reply@repspakistan.com>","Reply-To: sagarabbasi7786@gmail.com","Content-Type: text/plain; charset=UTF-8"]}
[2026-01-13 12:12:42 UTC] admin_mail_result | {"to":"sagarabbasi7786@gmail.com","ok":true}
[2026-01-13 12:12:42 UTC] Payment SUCCESS + Registration finalized | {"user_id":120,"basket_id":"REG-120-1768306330","txn_id":"42889f2b-ff9b-9a22-5ca9-c607932e72d3","user_email":"sagarabbasi80@gmail.com","user_mail_ok":true,"admin_mail_ok":true}
[2026-01-13 12:30:24 UTC] Webhook hit | {"method":"POST","ip":"202.141.243.165","ua":"got (https://github.com/sindresorhus/got)","query":{"gtr_payfast":"webhook"},"post":{"err_code":"000","err_msg":"Processed Succesfully","rdv_message_key":"N/A","order_date":"2026-01-13","basket_id":"REG-121-1768307393","transaction_id":"be334dcb-b72d-2822-5ab8-d0f049683c25","responseKey":"5026CD324539A12AC477495B78EE9D7F","Response_Key":"5026CD324539A12AC477495B78EE9D7F","validation_hash":"21dc55de0a466a52f736f5afb3b4987432514ef02316b196cde9233c8f794acf","merchant_amount":"36750.00","issuer_name":"Demo Bank","discounted_amount":"0","transaction_currency":"PKR","amount":"36750","PaymentName":"Account","transaction_amount":"36750","bill_number":"N/A","customer_id":"","additional_value":"null","recurring_txn":"false","email_address":"sagarabbasi56997411@gmail.com","mobile_no":"03181222652","masked_pan":"9999XXX9999","is_international":"false","authorization_code":"null","non_tran_partner_ref_no":"null"}}
[2026-01-13 12:30:24 UTC] Validation passed | {"basket_id":"REG-121-1768307393","err_code":"000","txn_id":"be334dcb-b72d-2822-5ab8-d0f049683c25"}
[2026-01-13 12:30:25 UTC] SMTP DEBUG | {"level":2,"msg":"SERVER -> CLIENT: 220-box5205.bluehost.com ESMTP Exim 4.98.2 #2 Tue, 13 Jan 2026 05:30:25 -0700 \r\n220-We do not authorize the use of this system to transport unsolicited, \r\n220 and/or bulk e-mail.\r\n"}
[2026-01-13 12:30:25 UTC] SMTP DEBUG | {"level":1,"msg":"CLIENT -> SERVER: EHLO repspakistan.com\r\n"}
[2026-01-13 12:30:25 UTC] SMTP DEBUG | {"level":2,"msg":"SERVER -> CLIENT: 250-box5205.bluehost.com Hello box5205.bluehost.com [162.241.244.144]\r\n250-SIZE 52428800\r\n250-LIMITS MAILMAX=50 RCPTMAX=50000\r\n250-8BITMIME\r\n250-PIPELINING\r\n250-PIPECONNECT\r\n250-AUTH PLAIN LOGIN\r\n250-STARTTLS\r\n250 HELP\r\n"}
[2026-01-13 12:30:25 UTC] SMTP DEBUG | {"level":1,"msg":"CLIENT -> SERVER: STARTTLS\r\n"}
[2026-01-13 12:30:25 UTC] SMTP DEBUG | {"level":2,"msg":"SERVER -> CLIENT: 220 TLS go ahead\r\n"}
[2026-01-13 12:30:25 UTC] SMTP DEBUG | {"level":1,"msg":"CLIENT -> SERVER: EHLO repspakistan.com\r\n"}
[2026-01-13 12:30:25 UTC] SMTP DEBUG | {"level":2,"msg":"SERVER -> CLIENT: 250-box5205.bluehost.com Hello box5205.bluehost.com [162.241.244.144]\r\n250-SIZE 52428800\r\n250-LIMITS MAILMAX=50 RCPTMAX=50000\r\n250-8BITMIME\r\n250-PIPELINING\r\n250-PIPECONNECT\r\n250-AUTH PLAIN LOGIN\r\n250 HELP\r\n"}
[2026-01-13 12:30:25 UTC] SMTP DEBUG | {"level":1,"msg":"CLIENT -> SERVER: AUTH LOGIN\r\n"}
[2026-01-13 12:30:25 UTC] SMTP DEBUG | {"level":2,"msg":"SERVER -> CLIENT: 334 VXNlcm5hbWU6\r\n"}
[2026-01-13 12:30:25 UTC] SMTP DEBUG | {"level":1,"msg":"CLIENT -> SERVER: [credentials hidden]"}
[2026-01-13 12:30:25 UTC] SMTP DEBUG | {"level":2,"msg":"SERVER -> CLIENT: 334 UGFzc3dvcmQ6\r\n"}
[2026-01-13 12:30:25 UTC] SMTP DEBUG | {"level":1,"msg":"CLIENT -> SERVER: [credentials hidden]"}
[2026-01-13 12:30:25 UTC] SMTP DEBUG | {"level":2,"msg":"SERVER -> CLIENT: 235 Authentication succeeded\r\n"}
[2026-01-13 12:30:25 UTC] SMTP DEBUG | {"level":1,"msg":"CLIENT -> SERVER: MAIL FROM:<info@repspakistan.com>\r\n"}
[2026-01-13 12:30:25 UTC] SMTP DEBUG | {"level":2,"msg":"SERVER -> CLIENT: 250 OK\r\n"}
[2026-01-13 12:30:25 UTC] SMTP DEBUG | {"level":1,"msg":"CLIENT -> SERVER: RCPT TO:<sagar@eteamid.com>\r\n"}
[2026-01-13 12:30:25 UTC] SMTP DEBUG | {"level":2,"msg":"SERVER -> CLIENT: 250 Accepted\r\n"}
[2026-01-13 12:30:25 UTC] SMTP DEBUG | {"level":1,"msg":"CLIENT -> SERVER: DATA\r\n"}
[2026-01-13 12:30:25 UTC] SMTP DEBUG | {"level":2,"msg":"SERVER -> CLIENT: 354 Enter message, ending with \".\" on a line by itself\r\n"}
[2026-01-13 12:30:25 UTC] SMTP DEBUG | {"level":1,"msg":"CLIENT -> SERVER: Date: Tue, 13 Jan 2026 12:30:24 +0000\r\n"}
[2026-01-13 12:30:25 UTC] SMTP DEBUG | {"level":1,"msg":"CLIENT -> SERVER: To: sagar@eteamid.com\r\n"}
[2026-01-13 12:30:25 UTC] SMTP DEBUG | {"level":1,"msg":"CLIENT -> SERVER: From: Reps Pakistan <info@repspakistan.com>\r\n"}
[2026-01-13 12:30:25 UTC] SMTP DEBUG | {"level":1,"msg":"CLIENT -> SERVER: Subject: Thank you for your registration!\r\n"}
[2026-01-13 12:30:25 UTC] SMTP DEBUG | {"level":1,"msg":"CLIENT -> SERVER: Message-ID: <SQ5yKgR1BHm7l4hgGnBXFS7xXePZ1vJhYSlbY7f5ik@repspakistan.com>\r\n"}
[2026-01-13 12:30:25 UTC] SMTP DEBUG | {"level":1,"msg":"CLIENT -> SERVER: X-Mailer: PHPMailer 7.0.0 (https://github.com/PHPMailer/PHPMailer)\r\n"}
[2026-01-13 12:30:25 UTC] SMTP DEBUG | {"level":1,"msg":"CLIENT -> SERVER: MIME-Version: 1.0\r\n"}
[2026-01-13 12:30:25 UTC] SMTP DEBUG | {"level":1,"msg":"CLIENT -> SERVER: Content-Type: text/plain; charset=UTF-8\r\n"}
[2026-01-13 12:30:25 UTC] SMTP DEBUG | {"level":1,"msg":"CLIENT -> SERVER: \r\n"}
[2026-01-13 12:30:25 UTC] SMTP DEBUG | {"level":1,"msg":"CLIENT -> SERVER: Dear ,\r\n"}
[2026-01-13 12:30:25 UTC] SMTP DEBUG | {"level":1,"msg":"CLIENT -> SERVER: \r\n"}
[2026-01-13 12:30:25 UTC] SMTP DEBUG | {"level":1,"msg":"CLIENT -> SERVER: Thank you for registering with us. Your account is pending approval. We will notify you once it's approved.\r\n"}
[2026-01-13 12:30:25 UTC] SMTP DEBUG | {"level":1,"msg":"CLIENT -> SERVER: \r\n"}
[2026-01-13 12:30:25 UTC] SMTP DEBUG | {"level":1,"msg":"CLIENT -> SERVER: Best Regards,\r\n"}
[2026-01-13 12:30:25 UTC] SMTP DEBUG | {"level":1,"msg":"CLIENT -> SERVER: The Gym Team\r\n"}
[2026-01-13 12:30:25 UTC] SMTP DEBUG | {"level":1,"msg":"CLIENT -> SERVER: \r\n"}
[2026-01-13 12:30:25 UTC] SMTP DEBUG | {"level":1,"msg":"CLIENT -> SERVER: .\r\n"}
[2026-01-13 12:30:25 UTC] SMTP DEBUG | {"level":2,"msg":"SERVER -> CLIENT: 250 OK id=1vfdXV-00000002tPy-23IB\r\n"}
[2026-01-13 12:30:25 UTC] SMTP DEBUG | {"level":1,"msg":"CLIENT -> SERVER: QUIT\r\n"}
[2026-01-13 12:30:25 UTC] SMTP DEBUG | {"level":2,"msg":"SERVER -> CLIENT: 221 box5205.bluehost.com closing connection\r\n"}
[2026-01-13 12:30:26 UTC] SMTP DEBUG | {"level":2,"msg":"SERVER -> CLIENT: 220-box5205.bluehost.com ESMTP Exim 4.98.2 #2 Tue, 13 Jan 2026 05:30:26 -0700 \r\n220-We do not authorize the use of this system to transport unsolicited, \r\n220 and/or bulk e-mail.\r\n"}
[2026-01-13 12:30:26 UTC] SMTP DEBUG | {"level":1,"msg":"CLIENT -> SERVER: EHLO repspakistan.com\r\n"}
[2026-01-13 12:30:26 UTC] SMTP DEBUG | {"level":2,"msg":"SERVER -> CLIENT: 250-box5205.bluehost.com Hello box5205.bluehost.com [162.241.244.144]\r\n250-SIZE 52428800\r\n250-LIMITS MAILMAX=50 RCPTMAX=50000\r\n250-8BITMIME\r\n250-PIPELINING\r\n250-PIPECONNECT\r\n250-AUTH PLAIN LOGIN\r\n250-STARTTLS\r\n250 HELP\r\n"}
[2026-01-13 12:30:26 UTC] SMTP DEBUG | {"level":1,"msg":"CLIENT -> SERVER: STARTTLS\r\n"}
[2026-01-13 12:30:26 UTC] SMTP DEBUG | {"level":2,"msg":"SERVER -> CLIENT: 220 TLS go ahead\r\n"}
[2026-01-13 12:30:26 UTC] SMTP DEBUG | {"level":1,"msg":"CLIENT -> SERVER: EHLO repspakistan.com\r\n"}
[2026-01-13 12:30:26 UTC] SMTP DEBUG | {"level":2,"msg":"SERVER -> CLIENT: 250-box5205.bluehost.com Hello box5205.bluehost.com [162.241.244.144]\r\n250-SIZE 52428800\r\n250-LIMITS MAILMAX=50 RCPTMAX=50000\r\n250-8BITMIME\r\n250-PIPELINING\r\n250-PIPECONNECT\r\n250-AUTH PLAIN LOGIN\r\n250 HELP\r\n"}
[2026-01-13 12:30:26 UTC] SMTP DEBUG | {"level":1,"msg":"CLIENT -> SERVER: AUTH LOGIN\r\n"}
[2026-01-13 12:30:26 UTC] SMTP DEBUG | {"level":2,"msg":"SERVER -> CLIENT: 334 VXNlcm5hbWU6\r\n"}
[2026-01-13 12:30:26 UTC] SMTP DEBUG | {"level":1,"msg":"CLIENT -> SERVER: [credentials hidden]"}
[2026-01-13 12:30:26 UTC] SMTP DEBUG | {"level":2,"msg":"SERVER -> CLIENT: 334 UGFzc3dvcmQ6\r\n"}
[2026-01-13 12:30:26 UTC] SMTP DEBUG | {"level":1,"msg":"CLIENT -> SERVER: [credentials hidden]"}
[2026-01-13 12:30:26 UTC] SMTP DEBUG | {"level":2,"msg":"SERVER -> CLIENT: 235 Authentication succeeded\r\n"}
[2026-01-13 12:30:26 UTC] SMTP DEBUG | {"level":1,"msg":"CLIENT -> SERVER: MAIL FROM:<info@repspakistan.com>\r\n"}
[2026-01-13 12:30:26 UTC] SMTP DEBUG | {"level":2,"msg":"SERVER -> CLIENT: 250 OK\r\n"}
[2026-01-13 12:30:26 UTC] SMTP DEBUG | {"level":1,"msg":"CLIENT -> SERVER: RCPT TO:<sagarabbasi7786@gmail.com>\r\n"}
[2026-01-13 12:30:26 UTC] SMTP DEBUG | {"level":2,"msg":"SERVER -> CLIENT: 250 Accepted\r\n"}
[2026-01-13 12:30:26 UTC] SMTP DEBUG | {"level":1,"msg":"CLIENT -> SERVER: DATA\r\n"}
[2026-01-13 12:30:26 UTC] SMTP DEBUG | {"level":2,"msg":"SERVER -> CLIENT: 354 Enter message, ending with \".\" on a line by itself\r\n"}
[2026-01-13 12:30:26 UTC] SMTP DEBUG | {"level":1,"msg":"CLIENT -> SERVER: Date: Tue, 13 Jan 2026 12:30:25 +0000\r\n"}
[2026-01-13 12:30:26 UTC] SMTP DEBUG | {"level":1,"msg":"CLIENT -> SERVER: To: sagarabbasi7786@gmail.com\r\n"}
[2026-01-13 12:30:26 UTC] SMTP DEBUG | {"level":1,"msg":"CLIENT -> SERVER: From: Reps Pakistan <info@repspakistan.com>\r\n"}
[2026-01-13 12:30:26 UTC] SMTP DEBUG | {"level":1,"msg":"CLIENT -> SERVER: Subject: New Trainer Registration Pending Approval\r\n"}
[2026-01-13 12:30:26 UTC] SMTP DEBUG | {"level":1,"msg":"CLIENT -> SERVER: Message-ID: <Dyqcde6aP7uxxscuJicnh64mwNMAhnOMstuaAQDgk@repspakistan.com>\r\n"}
[2026-01-13 12:30:26 UTC] SMTP DEBUG | {"level":1,"msg":"CLIENT -> SERVER: X-Mailer: PHPMailer 7.0.0 (https://github.com/PHPMailer/PHPMailer)\r\n"}
[2026-01-13 12:30:26 UTC] SMTP DEBUG | {"level":1,"msg":"CLIENT -> SERVER: MIME-Version: 1.0\r\n"}
[2026-01-13 12:30:26 UTC] SMTP DEBUG | {"level":1,"msg":"CLIENT -> SERVER: Content-Type: text/plain; charset=UTF-8\r\n"}
[2026-01-13 12:30:26 UTC] SMTP DEBUG | {"level":1,"msg":"CLIENT -> SERVER: \r\n"}
[2026-01-13 12:30:26 UTC] SMTP DEBUG | {"level":1,"msg":"CLIENT -> SERVER: A new trainer has registered. You can review their profile here: https://repspakistan.com/wp-admin/user-edit.php?user_id=121\r\n"}
[2026-01-13 12:30:26 UTC] SMTP DEBUG | {"level":1,"msg":"CLIENT -> SERVER: \r\n"}
[2026-01-13 12:30:26 UTC] SMTP DEBUG | {"level":1,"msg":"CLIENT -> SERVER: Details:\r\n"}
[2026-01-13 12:30:26 UTC] SMTP DEBUG | {"level":1,"msg":"CLIENT -> SERVER: \r\n"}
[2026-01-13 12:30:26 UTC] SMTP DEBUG | {"level":1,"msg":"CLIENT -> SERVER: First Name: \r\n"}
[2026-01-13 12:30:26 UTC] SMTP DEBUG | {"level":1,"msg":"CLIENT -> SERVER: Last Name: \r\n"}
[2026-01-13 12:30:26 UTC] SMTP DEBUG | {"level":1,"msg":"CLIENT -> SERVER: Email: sagarabbasi56997411@gmail.com\r\n"}
[2026-01-13 12:30:26 UTC] SMTP DEBUG | {"level":1,"msg":"CLIENT -> SERVER: City: Karachi\r\n"}
[2026-01-13 12:30:26 UTC] SMTP DEBUG | {"level":1,"msg":"CLIENT -> SERVER: Mobile: 03181222652\r\n"}
[2026-01-13 12:30:26 UTC] SMTP DEBUG | {"level":1,"msg":"CLIENT -> SERVER: \r\n"}
[2026-01-13 12:30:26 UTC] SMTP DEBUG | {"level":1,"msg":"CLIENT -> SERVER: .\r\n"}
[2026-01-13 12:30:26 UTC] SMTP DEBUG | {"level":2,"msg":"SERVER -> CLIENT: 250 OK id=1vfdXW-00000002tRB-2YYQ\r\n"}
[2026-01-13 12:30:26 UTC] SMTP DEBUG | {"level":1,"msg":"CLIENT -> SERVER: QUIT\r\n"}
[2026-01-13 12:30:26 UTC] SMTP DEBUG | {"level":2,"msg":"SERVER -> CLIENT: 221 box5205.bluehost.com closing connection\r\n"}
[2026-01-13 12:30:26 UTC] Payment SUCCESS + Registration finalized | {"user_id":121,"basket_id":"REG-121-1768307393","txn_id":"be334dcb-b72d-2822-5ab8-d0f049683c25","user_email":"sagarabbasi56997411@gmail.com","user_mail_ok":true,"admin_mail_ok":true}
[2026-01-19 08:12:00 UTC] Webhook hit | {"method":"POST","ip":"202.141.243.165","ua":"got (https://github.com/sindresorhus/got)","query":{"gtr_payfast":"webhook"},"post":{"err_code":"000","err_msg":"Processed Succesfully","rdv_message_key":"N/A","order_date":"2026-01-19","basket_id":"REG-122-1768810272","transaction_id":"86127f01-dcec-7be6-da09-f79dffc3dfa5","responseKey":"0C8E20D793E6F0BDF5513CE57AE59626","Response_Key":"0C8E20D793E6F0BDF5513CE57AE59626","validation_hash":"e0c9510e41dd8d28dcaee49f6354050e1b1223ee086ad978d266a5dee289407c","merchant_amount":"36750.00","issuer_name":"Demo Bank","discounted_amount":"0","transaction_currency":"PKR","amount":"36750","PaymentName":"Account","transaction_amount":"36750","bill_number":"N/A","customer_id":"","additional_value":"null","recurring_txn":"false","email_address":"sagarabbasi215@gmail.com","mobile_no":"03181222652","masked_pan":"9999XXX9999","is_international":"false","authorization_code":"null","non_tran_partner_ref_no":"null"}}
[2026-01-19 08:12:00 UTC] Validation passed | {"basket_id":"REG-122-1768810272","err_code":"000","txn_id":"86127f01-dcec-7be6-da09-f79dffc3dfa5"}
[2026-01-19 08:12:01 UTC] Payment SUCCESS + Registration finalized | {"user_id":122,"basket_id":"REG-122-1768810272","txn_id":"86127f01-dcec-7be6-da09-f79dffc3dfa5","user_email":"sagarabbasi215@gmail.com","user_mail_ok":true,"admin_mail_ok":true}
[2026-01-19 08:20:16 UTC] Webhook hit | {"method":"POST","ip":"202.141.243.165","ua":"got (https://github.com/sindresorhus/got)","query":{"gtr_payfast":"webhook"},"post":{"err_code":"000","err_msg":"Processed Succesfully","rdv_message_key":"N/A","order_date":"2026-01-19","basket_id":"REG-123-1768810790","transaction_id":"e9e84be2-6d9f-022b-f8c5-26ede3ae5891","responseKey":"B57940CD7A20F2262B09E599E8BCAFB0","Response_Key":"B57940CD7A20F2262B09E599E8BCAFB0","validation_hash":"2e4e55ee9c8d4b019b7fba1d2dd62c1c441c9acd130171e62c40a96054c83f96","merchant_amount":"36750.00","issuer_name":"Demo Bank","discounted_amount":"0","transaction_currency":"PKR","amount":"36750","PaymentName":"Account","transaction_amount":"36750","bill_number":"N/A","customer_id":"","additional_value":"null","recurring_txn":"false","email_address":"sagareteamid@gmail.com","mobile_no":"03181222652","masked_pan":"9999XXX9999","is_international":"false","authorization_code":"null","non_tran_partner_ref_no":"null"}}
[2026-01-19 08:20:16 UTC] Validation passed | {"basket_id":"REG-123-1768810790","err_code":"000","txn_id":"e9e84be2-6d9f-022b-f8c5-26ede3ae5891"}
[2026-01-19 08:20:16 UTC] Payment SUCCESS + Registration finalized | {"user_id":123,"basket_id":"REG-123-1768810790","txn_id":"e9e84be2-6d9f-022b-f8c5-26ede3ae5891","user_email":"sagareteamid@gmail.com","user_mail_ok":true,"admin_mail_ok":true}
[2026-01-19 08:44:42 UTC] Webhook hit | {"method":"POST","ip":"202.141.243.165","ua":"got (https://github.com/sindresorhus/got)","query":{"gtr_payfast":"webhook"},"post":{"err_code":"000","err_msg":"Processed Succesfully","rdv_message_key":"N/A","order_date":"2026-01-19","basket_id":"REG-124-1768812244","transaction_id":"a9d74f2d-3d92-8ad8-3a2f-189d00b04a68","responseKey":"BEE969ECAA61C689877CE313E151CCB3","Response_Key":"BEE969ECAA61C689877CE313E151CCB3","validation_hash":"a3cdd6e313df35f1bbed95b28aad597ef17653bb6b5d51697561e90c9e69a559","merchant_amount":"36750.00","issuer_name":"Demo Bank","discounted_amount":"0","transaction_currency":"PKR","amount":"36750","PaymentName":"Account","transaction_amount":"36750","bill_number":"N/A","customer_id":"","additional_value":"null","recurring_txn":"false","email_address":"sagarabbasi61755699@gmail.com","mobile_no":"03181222652","masked_pan":"9999XXX9999","is_international":"false","authorization_code":"null","non_tran_partner_ref_no":"null"}}
[2026-01-19 08:44:42 UTC] Validation passed | {"basket_id":"REG-124-1768812244","err_code":"000","txn_id":"a9d74f2d-3d92-8ad8-3a2f-189d00b04a68"}
[2026-01-19 08:44:42 UTC] Payment SUCCESS + Registration finalized | {"user_id":124,"basket_id":"REG-124-1768812244","txn_id":"a9d74f2d-3d92-8ad8-3a2f-189d00b04a68","user_email":"sagarabbasi61755699@gmail.com","user_mail_ok":true,"admin_mail_ok":true}
[2026-01-19 12:19:11 UTC] Webhook hit | {"method":"POST","ip":"202.141.243.165","ua":"got (https://github.com/sindresorhus/got)","query":{"gtr_payfast":"webhook"},"post":{"err_code":"000","err_msg":"Processed Succesfully","rdv_message_key":"N/A","order_date":"2026-01-19","basket_id":"REG-125-1768825049","transaction_id":"6335be2c-4911-7b01-b2f2-1223d066f6e7","responseKey":"AC72802449E42413CE23F57E36870128","Response_Key":"AC72802449E42413CE23F57E36870128","validation_hash":"86eaaf05d4acd4c2ae6a9a77ad5f6306eaf01e1af05b0295096352051cb1ec9d","merchant_amount":"36750.00","issuer_name":"Demo Bank","discounted_amount":"0","transaction_currency":"PKR","amount":"36750","PaymentName":"Account","transaction_amount":"36750","bill_number":"N/A","customer_id":"","additional_value":"null","recurring_txn":"false","email_address":"test11@test.com","mobile_no":"21212121221212","masked_pan":"9999XXX9999","is_international":"false","authorization_code":"null","non_tran_partner_ref_no":"null"}}
[2026-01-19 12:19:11 UTC] Validation passed | {"basket_id":"REG-125-1768825049","err_code":"000","txn_id":"6335be2c-4911-7b01-b2f2-1223d066f6e7"}
[2026-01-19 12:19:12 UTC] Payment SUCCESS + Registration finalized | {"user_id":125,"basket_id":"REG-125-1768825049","txn_id":"6335be2c-4911-7b01-b2f2-1223d066f6e7","user_email":"test11@test.com","user_mail_ok":true,"admin_mail_ok":true}
[2026-01-21 11:58:51 UTC] Webhook hit | {"method":"POST","ip":"202.141.243.165","ua":"got (https://github.com/sindresorhus/got)","query":{"gtr_payfast":"webhook"},"post":{"err_code":"000","err_msg":"Processed Succesfully","rdv_message_key":"N/A","order_date":"2026-01-21","basket_id":"REG-127-1768996689","transaction_id":"fb89dd67-3fa7-f7db-f2e9-2547f63acafe","responseKey":"6118BA5C69C7CD680A25E3449197E240","Response_Key":"6118BA5C69C7CD680A25E3449197E240","validation_hash":"22ea9d3ba11cba4b292ed0cd307cf67de33566312b65ecf4d5de88cce5aaade3","merchant_amount":"36750.00","issuer_name":"Demo Bank","discounted_amount":"0","transaction_currency":"PKR","amount":"36750","PaymentName":"Account","transaction_amount":"36750","bill_number":"N/A","customer_id":"","additional_value":"null","recurring_txn":"false","email_address":"sagar657@gmail.com","mobile_no":"03181222652","masked_pan":"9999XXX9999","is_international":"false","authorization_code":"null","non_tran_partner_ref_no":"null"}}
[2026-01-21 11:58:51 UTC] Validation passed | {"basket_id":"REG-127-1768996689","err_code":"000","txn_id":"fb89dd67-3fa7-f7db-f2e9-2547f63acafe"}
[2026-01-21 11:58:52 UTC] Payment SUCCESS + Registration finalized | {"user_id":127,"basket_id":"REG-127-1768996689","txn_id":"fb89dd67-3fa7-f7db-f2e9-2547f63acafe","user_email":"sagar657@gmail.com","user_mail_ok":true,"admin_mail_ok":true}
[2026-02-10 15:34:39 UTC] Webhook hit | {"method":"POST","ip":"202.141.243.165","ua":"got (https://github.com/sindresorhus/got)","query":{"gtr_payfast":"webhook"},"post":{"err_code":"90","err_msg":"Server Error","rdv_message_key":"N/A","order_date":"2026-02-10","basket_id":"REG-128-1770737605","transaction_id":"3608852d-9ac8-cd7d-4f56-7133674b7a66","responseKey":"123A025696E07E10798EE280018C6924","Response_Key":"123A025696E07E10798EE280018C6924","validation_hash":"ee89ec3230231207a7bb1229aca5dc3ccfd3168cb897d1a77878fd362557d594","merchant_amount":"20000.00","issuer_name":"N/A","discounted_amount":"0","transaction_currency":"PKR","amount":"20000","PaymentName":"Card","transaction_amount":"20000","bill_number":"N/A","customer_id":"","additional_value":"null","recurring_txn":"false","email_address":"sagarabbasi69@gmail.com","mobile_no":"03181222652","masked_pan":"41111111XXXX1111","is_international":"true","authorization_code":"null","non_tran_partner_ref_no":"null"}}
[2026-02-10 15:34:39 UTC] Validation passed | {"basket_id":"REG-128-1770737605","err_code":"90","txn_id":"3608852d-9ac8-cd7d-4f56-7133674b7a66"}
[2026-02-10 15:34:39 UTC] Payment FAILED | {"user_id":128,"basket_id":"REG-128-1770737605","err_code":"90","err_msg":"Server Error","txn_id":"3608852d-9ac8-cd7d-4f56-7133674b7a66"}
[2026-02-20 08:51:36 UTC] Webhook hit | {"method":"POST","ip":"202.141.243.165","ua":"got (https://github.com/sindresorhus/got)","query":{"gtr_payfast":"webhook"},"post":{"err_code":"000","err_msg":"Processed Succesfully","rdv_message_key":"N/A","order_date":"2026-02-20","basket_id":"REG-131-1771577437","transaction_id":"c6383317-cb46-398d-0316-672e77575502","responseKey":"B5D35D9DB2115E735669C78F8B3F911C","Response_Key":"B5D35D9DB2115E735669C78F8B3F911C","validation_hash":"7d4a850c43c88ea9903ffcc98b5e62f2fa69a5dfb6ddae1da65738a1a21e843e","merchant_amount":"20000.00","issuer_name":"Demo Bank","discounted_amount":"0","transaction_currency":"PKR","amount":"20000","PaymentName":"Account","transaction_amount":"20000","bill_number":"N/A","customer_id":"","additional_value":"","recurring_txn":"false","x_request_id":"QRSTUVWXYZabcdefghijk678","email_address":"sagarabbasi321@gmail.com","mobile_no":"03181222652","masked_pan":"41111111XXXX1111","is_international":"false","authorization_code":"null"}}
[2026-02-20 08:51:36 UTC] Validation passed | {"basket_id":"REG-131-1771577437","err_code":"000","txn_id":"c6383317-cb46-398d-0316-672e77575502"}
[2026-02-20 08:51:45 UTC] Payment SUCCESS + Registration finalized | {"user_id":131,"basket_id":"REG-131-1771577437","txn_id":"c6383317-cb46-398d-0316-672e77575502","user_email":"sagarabbasi321@gmail.com","user_mail_ok":false,"admin_mail_ok":false}
[2026-02-20 09:13:56 UTC] Webhook hit | {"method":"POST","ip":"202.141.243.165","ua":"got (https://github.com/sindresorhus/got)","query":{"gtr_payfast":"webhook"},"post":{"err_code":"000","err_msg":"Processed Succesfully","rdv_message_key":"N/A","order_date":"2026-02-20","basket_id":"REG-129-1771578702","transaction_id":"1db51843-4157-328a-5056-5a5e9ab913b6","responseKey":"2D5CAD9520ED45C6D54D443F6B29C719","Response_Key":"2D5CAD9520ED45C6D54D443F6B29C719","validation_hash":"34153931f33ddd1c383eef9e2e46da0ae48c31134a63ac208314714be6ef6832","merchant_amount":"20000.00","issuer_name":"Demo Bank","discounted_amount":"0","transaction_currency":"PKR","amount":"20000","PaymentName":"Account","transaction_amount":"20000","bill_number":"N/A","customer_id":"","additional_value":"","recurring_txn":"false","x_request_id":"QRSTUVWXYZabcdefghijk678","email_address":"sagar@eteamid.com","mobile_no":"03181222652","masked_pan":"41111111XXXX1111","is_international":"false","authorization_code":"null"}}
[2026-02-20 09:13:56 UTC] Validation passed | {"basket_id":"REG-129-1771578702","err_code":"000","txn_id":"1db51843-4157-328a-5056-5a5e9ab913b6"}
[2026-02-20 09:14:04 UTC] Payment SUCCESS + Registration finalized | {"user_id":129,"basket_id":"REG-129-1771578702","txn_id":"1db51843-4157-328a-5056-5a5e9ab913b6","user_email":"sagar@eteamid.com","user_mail_ok":false,"admin_mail_ok":false}
[2026-04-08 11:55:03 UTC] Webhook hit | {"method":"POST","ip":"119.160.124.14","ua":"got (https://github.com/sindresorhus/got)","query":{"gtr_payfast":"webhook"},"post":{"err_code":"000","err_msg":"MIGS(PAY) transaction completed.","rdv_message_key":"N/A","order_date":"2026-04-08","basket_id":"REG-132-1775649115","transaction_id":"27d2348e-9f74-b641-a4de-39c166c87752","responseKey":"143F4F6C87F2BB6F29A40442CA4CC93C","Response_Key":"143F4F6C87F2BB6F29A40442CA4CC93C","validation_hash":"d4cf9eb53bc4997cb21c5f4fab28a12e3a934142cb4bf4dd8071a94e18d57e98","merchant_amount":"20000.00","issuer_name":"N/A","discounted_amount":"0","transaction_currency":"PKR","amount":"20460.00","PaymentName":"Card","transaction_amount":"20460.00","bill_number":"N/A","customer_id":"","additional_value":"null","recurring_txn":"false","x_request_id":"mZR5NJBjQKDgce9H","email_address":"shoaib@eteamid.com","mobile_no":"03223463557","masked_pan":"51234500XXXX0008","is_international":"true","authorization_code":"320451"}}
[2026-04-08 11:55:03 UTC] Validation passed | {"basket_id":"REG-132-1775649115","err_code":"000","txn_id":"27d2348e-9f74-b641-a4de-39c166c87752"}
[2026-04-08 11:55:11 UTC] Payment SUCCESS + Registration finalized | {"user_id":132,"basket_id":"REG-132-1775649115","txn_id":"27d2348e-9f74-b641-a4de-39c166c87752","user_email":"shoaib@eteamid.com","user_mail_ok":false,"admin_mail_ok":false}
[2026-04-09 12:46:35 UTC] Webhook hit | {"method":"POST","ip":"119.160.124.14","ua":"got (https://github.com/sindresorhus/got)","query":{"gtr_payfast":"webhook"},"post":{"err_code":"000","err_msg":"MIGS(PAY) transaction completed.","rdv_message_key":"N/A","order_date":"2026-04-09","basket_id":"REG-135-1775738727","transaction_id":"f382ee95-d144-3424-453b-d68ed2af15c0","responseKey":"A722793B1731A8E5B4B8E88A7E21EC4B","Response_Key":"A722793B1731A8E5B4B8E88A7E21EC4B","validation_hash":"54ee201ec1c9aba84a323cd83383d4631e9f1223e0870386da76808192bb2a3e","merchant_amount":"20000.00","issuer_name":"N/A","discounted_amount":"0","transaction_currency":"PKR","amount":"20460.00","PaymentName":"Card","transaction_amount":"20460.00","bill_number":"N/A","customer_id":"","additional_value":"null","recurring_txn":"false","x_request_id":"JgkMc4gE0OyO8CCT","email_address":"sagar@eteamid.com","mobile_no":"03181222652","masked_pan":"41111111XXXX1111","is_international":"true","authorization_code":"315239"}}
[2026-04-09 12:46:35 UTC] Validation passed | {"basket_id":"REG-135-1775738727","err_code":"000","txn_id":"f382ee95-d144-3424-453b-d68ed2af15c0"}
[2026-04-09 12:46:41 UTC] Payment SUCCESS + Registration finalized | {"user_id":135,"basket_id":"REG-135-1775738727","txn_id":"f382ee95-d144-3424-453b-d68ed2af15c0","user_email":"sagar@eteamid.com","user_mail_ok":true,"admin_mail_ok":true}
[2026-04-09 13:17:53 UTC] Webhook hit | {"method":"POST","ip":"119.160.124.14","ua":"got (https://github.com/sindresorhus/got)","query":{"gtr_payfast":"webhook"},"post":{"err_code":"000","err_msg":"MIGS(PAY) transaction completed.","rdv_message_key":"N/A","order_date":"2026-04-09","basket_id":"REG-136-1775740567","transaction_id":"67398a7f-07dd-fa40-63c0-fb17bb3e5fbf","responseKey":"4511584A7B8406C99836806A71087A8B","Response_Key":"4511584A7B8406C99836806A71087A8B","validation_hash":"12565692b84cc3fd5df8621c9ee4d0eb1a440bf0720bea2befa8169392dcdf32","merchant_amount":"20000.00","issuer_name":"N/A","discounted_amount":"0","transaction_currency":"PKR","amount":"20460.00","PaymentName":"Card","transaction_amount":"20460.00","bill_number":"N/A","customer_id":"","additional_value":"null","recurring_txn":"false","x_request_id":"NEHSUzMXZmWXmJwj","email_address":"sagarabbasi7786@gmail.com","mobile_no":"03181222652","masked_pan":"41111111XXXX1111","is_international":"true","authorization_code":"308980"}}
[2026-04-09 13:17:53 UTC] Validation passed | {"basket_id":"REG-136-1775740567","err_code":"000","txn_id":"67398a7f-07dd-fa40-63c0-fb17bb3e5fbf"}
[2026-04-09 13:17:58 UTC] Payment SUCCESS + Registration finalized | {"user_id":136,"basket_id":"REG-136-1775740567","txn_id":"67398a7f-07dd-fa40-63c0-fb17bb3e5fbf","user_email":"sagarabbasi7786@gmail.com","user_mail_ok":true,"admin_mail_ok":true}
[2026-04-12 17:15:17 UTC] Webhook hit | {"method":"POST","ip":"119.160.124.14","ua":"got (https://github.com/sindresorhus/got)","query":{"gtr_payfast":"webhook"},"post":{"err_code":"000","err_msg":"MIGS(PAY) transaction completed.","rdv_message_key":"N/A","order_date":"2026-04-12","basket_id":"REG-142-1776013848","transaction_id":"180846b3-e4b2-1761-027c-e95cdadab2ba","responseKey":"68799BECE2837CD51B31D4A1CA1042E9","Response_Key":"68799BECE2837CD51B31D4A1CA1042E9","validation_hash":"a0afcea0a7d85229b029820e26a1d020acd19a14d106e8447b890ef419d696d9","merchant_amount":"20000.00","issuer_name":"N/A","discounted_amount":"0","transaction_currency":"PKR","amount":"20460.00","PaymentName":"Card","transaction_amount":"20460.00","bill_number":"N/A","customer_id":"","additional_value":"null","recurring_txn":"false","x_request_id":"0BWxiNs7zUsCLRR6","email_address":"sagar@eteamid.com","mobile_no":"03181222652","masked_pan":"41111111XXXX1111","is_international":"true","authorization_code":"310008"}}
[2026-04-12 17:15:17 UTC] Validation passed | {"basket_id":"REG-142-1776013848","err_code":"000","txn_id":"180846b3-e4b2-1761-027c-e95cdadab2ba"}
[2026-04-12 17:15:20 UTC] Payment SUCCESS + Registration finalized | {"user_id":142,"basket_id":"REG-142-1776013848","txn_id":"180846b3-e4b2-1761-027c-e95cdadab2ba","user_email":"sagar@eteamid.com","user_mail_ok":true}
[2026-04-12 17:46:24 UTC] Webhook hit | {"method":"POST","ip":"119.160.124.14","ua":"got (https://github.com/sindresorhus/got)","query":{"gtr_payfast":"webhook"},"post":{"err_code":"000","err_msg":"MIGS(PAY) transaction completed.","rdv_message_key":"N/A","order_date":"2026-04-12","basket_id":"REG-143-1776015682","transaction_id":"4e0f1aeb-de43-4a52-8e9d-9c929648384f","responseKey":"90116F258C434A9BF71BAF6F3B9F7AF7","Response_Key":"90116F258C434A9BF71BAF6F3B9F7AF7","validation_hash":"3ecf8682a2fda1f322328cc526bdead358239d918a292a00a1c1798eb6988773","merchant_amount":"20000.00","issuer_name":"N/A","discounted_amount":"0","transaction_currency":"PKR","amount":"20460.00","PaymentName":"Card","transaction_amount":"20460.00","bill_number":"N/A","customer_id":"","additional_value":"null","recurring_txn":"false","x_request_id":"TsiL0TXKfR7qnirS","email_address":"sagar@eteamid.com","mobile_no":"03181222652","masked_pan":"41111111XXXX1111","is_international":"true","authorization_code":"311018"}}
[2026-04-12 17:46:24 UTC] Validation passed | {"basket_id":"REG-143-1776015682","err_code":"000","txn_id":"4e0f1aeb-de43-4a52-8e9d-9c929648384f"}
[2026-04-12 17:46:27 UTC] Payment SUCCESS + Registration finalized | {"user_id":143,"basket_id":"REG-143-1776015682","txn_id":"4e0f1aeb-de43-4a52-8e9d-9c929648384f","user_email":"sagar@eteamid.com","user_mail_ok":true}
[2026-04-13 08:30:15 UTC] Webhook hit | {"method":"POST","ip":"119.160.124.14","ua":"got (https://github.com/sindresorhus/got)","query":{"gtr_payfast":"webhook"},"post":{"err_code":"000","err_msg":"MIGS(PAY) transaction completed.","rdv_message_key":"N/A","order_date":"2026-04-13","basket_id":"REG-144-1776068903","transaction_id":"0abe0bfb-f0b4-335b-c3d2-b8e11e1b9b73","responseKey":"2F4918629F86271511303C4F8C1DBAA1","Response_Key":"2F4918629F86271511303C4F8C1DBAA1","validation_hash":"44a114deb13596119ecd441318046d571768875dcde8a3c7424ddc53cfd4e030","merchant_amount":"20000.00","issuer_name":"N/A","discounted_amount":"0","transaction_currency":"PKR","amount":"20460.00","PaymentName":"Card","transaction_amount":"20460.00","bill_number":"N/A","customer_id":"","additional_value":"null","recurring_txn":"false","x_request_id":"2RYY2OkOvzaDkyCt","email_address":"test@test.com","mobile_no":"03001234567","masked_pan":"41111111XXXX1111","is_international":"true","authorization_code":"318403"}}
[2026-04-13 08:30:15 UTC] Validation passed | {"basket_id":"REG-144-1776068903","err_code":"000","txn_id":"0abe0bfb-f0b4-335b-c3d2-b8e11e1b9b73"}
[2026-04-13 08:30:18 UTC] Payment SUCCESS + Registration finalized | {"user_id":144,"basket_id":"REG-144-1776068903","txn_id":"0abe0bfb-f0b4-335b-c3d2-b8e11e1b9b73","user_email":"test@test.com","user_mail_ok":true}
